mode: set
code/code/main.go:16.13,33.16 10 0
code/code/main.go:33.16,35.3 1 0
code/code/repository.go:27.39,30.3 2 1
code/code/repository.go:33.63,36.9 3 1
code/code/repository.go:39.2,40.18 2 1
code/code/repository.go:36.9,38.3 1 1
code/code/repository.go:43.58,53.2 7 1
code/code/repository.go:55.70,63.2 6 0
code/code/repository.go:65.57,68.9 3 0
code/code/repository.go:71.2,74.12 3 0
code/code/repository.go:68.9,70.3 1 0
code/code/repository.go:77.59,80.28 2 0
code/code/repository.go:84.2,84.34 1 0
code/code/repository.go:80.28,82.3 1 0
code/code/repository.go:87.52,88.40 1 0
code/code/repository.go:104.2,104.14 1 0
code/code/repository.go:88.40,89.16 1 0
code/code/repository.go:90.15,90.16 1 0
code/code/repository.go:93.20,93.21 1 0
code/code/repository.go:96.20,96.21 1 0
code/code/repository.go:99.11,99.12 1 0
code/code/repository.go:90.16,92.4 1 0
code/code/repository.go:93.21,95.4 1 0
code/code/repository.go:96.21,98.4 1 0
code/code/repository.go:99.12,101.4 1 0
code/code/service.go:16.71,18.16 2 1
code/code/service.go:23.2,24.20 2 1
code/code/service.go:29.2,30.37 2 1
code/code/service.go:18.16,21.3 2 0
code/code/service.go:24.20,27.3 2 1
code/code/service.go:33.74,35.16 2 1
code/code/service.go:40.2,42.25 3 1
code/code/service.go:47.2,50.42 3 1
code/code/service.go:35.16,38.3 2 0
code/code/service.go:42.25,45.3 2 0
code/code/service.go:53.74,55.15 2 0
code/code/service.go:60.2,61.16 2 0
code/code/service.go:66.2,68.25 3 0
code/code/service.go:73.2,74.36 2 0
code/code/service.go:55.15,58.3 2 0
code/code/service.go:61.16,64.3 2 0
code/code/service.go:68.25,71.3 2 0
code/code/service.go:77.74,79.15 2 0
code/code/service.go:84.2,85.22 2 0
code/code/service.go:90.2,90.30 1 0
code/code/service.go:79.15,82.3 2 0
code/code/service.go:85.22,88.3 2 0
code/code/service.go:93.70,99.16 4 0
code/code/service.go:103.2,103.45 1 0
code/code/service.go:99.16,102.3 2 0
code/code/service.go:106.63,113.16 4 1
code/code/service.go:113.16,115.3 1 0
code/code/service.go:118.66,121.2 2 1
